{
"contracts/Registration.sol":{"l":{"8":3,"23":4,"24":2,"32":2,"33":2,"37":3,"41":1},"path":"/Users/siddhantangore/Desktop/UdacityBlockchain/dapp-nodejs-webpack/contracts/Registration.sol","s":{"1":3,"2":4,"3":2,"4":2,"5":3,"6":1},"b":{"1":[2,2],"2":[1,2]},"f":{"1":3,"2":4,"3":2,"4":3},"fnMap":{"1":{"name":"constructor","line":7,"loc":{"start":{"line":7,"column":4},"end":{"line":9,"column":4}}},"2":{"name":"onlyOwner","line":22,"loc":{"start":{"line":22,"column":4},"end":{"line":25,"column":4}}},"3":{"name":"registerUser","line":31,"loc":{"start":{"line":27,"column":4},"end":{"line":34,"column":4}}},"4":{"name":"send","line":36,"loc":{"start":{"line":36,"column":4},"end":{"line":42,"column":4}}}},"statementMap":{"1":{"start":{"line":8,"column":8},"end":{"line":8,"column":25}},"2":{"start":{"line":23,"column":8},"end":{"line":23,"column":74}},"3":{"start":{"line":32,"column":8},"end":{"line":32,"column":48}},"4":{"start":{"line":33,"column":8},"end":{"line":33,"column":43}},"5":{"start":{"line":37,"column":8},"end":{"line":37,"column":850}},"6":{"start":{"line":41,"column":8},"end":{"line":41,"column":41}}},"branchMap":{"1":{"line":23,"type":"if","locations":[{"start":{"line":23,"column":8},"end":{"line":23,"column":8}},{"start":{"line":23,"column":8},"end":{"line":23,"column":8}}]},"2":{"line":37,"type":"if","locations":[{"start":{"line":37,"column":8},"end":{"line":37,"column":8}},{"start":{"line":37,"column":8},"end":{"line":37,"column":8}}]}}}}
